  Game.cpp
  main.cpp
D:\SFML Projects\Sand Simulator\Sand Simulator\Game.cpp(12,12): warning C4244: 'argument': conversion from 'time_t' to 'unsigned int', possible loss of data
D:\SFML Projects\Sand Simulator\Sand Simulator\Game.cpp(27,34): warning C4244: 'argument': conversion from 'double' to 'unsigned int', possible loss of data
D:\SFML Projects\Sand Simulator\Sand Simulator\Game.cpp(386,90): warning C4244: 'argument': conversion from 'int' to 'T', possible loss of data
D:\SFML Projects\Sand Simulator\Sand Simulator\Game.cpp(386,90): warning C4244:         with
D:\SFML Projects\Sand Simulator\Sand Simulator\Game.cpp(386,90): warning C4244:         [
D:\SFML Projects\Sand Simulator\Sand Simulator\Game.cpp(386,90): warning C4244:             T=float
D:\SFML Projects\Sand Simulator\Sand Simulator\Game.cpp(386,90): warning C4244:         ]
D:\SFML Projects\Sand Simulator\Sand Simulator\Game.cpp(386,53): warning C4244: 'argument': conversion from 'int' to 'T', possible loss of data
D:\SFML Projects\Sand Simulator\Sand Simulator\Game.cpp(386,53): warning C4244:         with
D:\SFML Projects\Sand Simulator\Sand Simulator\Game.cpp(386,53): warning C4244:         [
D:\SFML Projects\Sand Simulator\Sand Simulator\Game.cpp(386,53): warning C4244:             T=float
D:\SFML Projects\Sand Simulator\Sand Simulator\Game.cpp(386,53): warning C4244:         ]
D:\SFML Projects\Sand Simulator\Sand Simulator\Game.cpp(427,25): warning C4244: '=': conversion from 'double' to 'int', possible loss of data
D:\SFML Projects\Sand Simulator\Sand Simulator\Game.cpp(428,25): warning C4244: '=': conversion from 'double' to 'int', possible loss of data
  Generating code
  Previous IPDB was built with incompatible compiler, fall back to full compilation.
  All 161 functions were compiled because no usable IPDB/IOBJ from previous compilation was found.
  Finished generating code
  Sand Simulator.vcxproj -> D:\SFML Projects\Sand Simulator\x64\Release\Sand Simulator.exe
